Start testing: Nov 23 10:40 PST
----------------------------------------------------------
1/3 Testing: store_DeathTest.help_message_works1
1/3 Test: store_DeathTest.help_message_works1
Command: "/home/dnadella787/argparse-test-suite/build/argparser_test" "--gtest_filter=store_DeathTest.help_message_works1" "--gtest_also_run_disabled_tests"
Directory: /home/dnadella787/argparse-test-suite/build
"store_DeathTest.help_message_works1" start time: Nov 23 10:40 PST
Output:
----------------------------------------------------------
Running main() from /home/dnadella787/argparse-test-suite/build/_deps/googletest-src/googletest/src/gtest_main.cc
Note: Google Test filter = store_DeathTest.help_message_works1
[==========] Running 1 test from 1 test suite.
[----------] Global test environment set-up.
[----------] 1 test from store_DeathTest
[ RUN      ] store_DeathTest.help_message_works1
[       OK ] store_DeathTest.help_message_works1 (1 ms)
[----------] 1 test from store_DeathTest (1 ms total)

[----------] Global test environment tear-down
[==========] 1 test from 1 test suite ran. (1 ms total)
[  PASSED  ] 1 test.
<end of output>
Test time =   0.00 sec
----------------------------------------------------------
Test Passed.
"store_DeathTest.help_message_works1" end time: Nov 23 10:40 PST
"store_DeathTest.help_message_works1" time elapsed: 00:00:00
----------------------------------------------------------

2/3 Testing: store_DeathTest.help_message_works2
2/3 Test: store_DeathTest.help_message_works2
Command: "/home/dnadella787/argparse-test-suite/build/argparser_test" "--gtest_filter=store_DeathTest.help_message_works2" "--gtest_also_run_disabled_tests"
Directory: /home/dnadella787/argparse-test-suite/build
"store_DeathTest.help_message_works2" start time: Nov 23 10:40 PST
Output:
----------------------------------------------------------
Running main() from /home/dnadella787/argparse-test-suite/build/_deps/googletest-src/googletest/src/gtest_main.cc
Note: Google Test filter = store_DeathTest.help_message_works2
[==========] Running 1 test from 1 test suite.
[----------] Global test environment set-up.
[----------] 1 test from store_DeathTest
[ RUN      ] store_DeathTest.help_message_works2
[       OK ] store_DeathTest.help_message_works2 (1 ms)
[----------] 1 test from store_DeathTest (1 ms total)

[----------] Global test environment tear-down
[==========] 1 test from 1 test suite ran. (1 ms total)
[  PASSED  ] 1 test.
<end of output>
Test time =   0.00 sec
----------------------------------------------------------
Test Passed.
"store_DeathTest.help_message_works2" end time: Nov 23 10:40 PST
"store_DeathTest.help_message_works2" time elapsed: 00:00:00
----------------------------------------------------------

3/3 Testing: store_NormTest.proper_setup_works
3/3 Test: store_NormTest.proper_setup_works
Command: "/home/dnadella787/argparse-test-suite/build/argparser_test" "--gtest_filter=store_NormTest.proper_setup_works" "--gtest_also_run_disabled_tests"
Directory: /home/dnadella787/argparse-test-suite/build
"store_NormTest.proper_setup_works" start time: Nov 23 10:40 PST
Output:
----------------------------------------------------------
Running main() from /home/dnadella787/argparse-test-suite/build/_deps/googletest-src/googletest/src/gtest_main.cc
Note: Google Test filter = store_NormTest.proper_setup_works
[==========] Running 1 test from 1 test suite.
[----------] Global test environment set-up.
[----------] 1 test from store_NormTest
[ RUN      ] store_NormTest.proper_setup_works
[       OK ] store_NormTest.proper_setup_works (0 ms)
[----------] 1 test from store_NormTest (0 ms total)

[----------] Global test environment tear-down
[==========] 1 test from 1 test suite ran. (0 ms total)
[  PASSED  ] 1 test.
<end of output>
Test time =   0.00 sec
----------------------------------------------------------
Test Passed.
"store_NormTest.proper_setup_works" end time: Nov 23 10:40 PST
"store_NormTest.proper_setup_works" time elapsed: 00:00:00
----------------------------------------------------------

End testing: Nov 23 10:40 PST
